6 11 1019
16 13 1019
10 3 2623
2 17 1001
14 1 2169
20 15 646
10 1 2623
15 5 749
4 15 749
19 3 749
3 12 742
15 12 217
15 7 1500
19 4 517
2 18 1001
3 11 266
8 14 2169
9 15 646
16 17 1019
19 7 1500
6 20 1019
15 8 1180
10 12 2623
12 6 1019
10 10 0
14 17 2169
7 18 1500
9 3 742
19 4 517
16 15 1019
14 2 2169
1 16 1019
19 5 438
20 16 1019
6 7 1500
13 12 646
3 7 1500
3 11 266
17 9 646
7 8 1500
10 3 2623
16 8 1180
13 9 597
13 8 1180
9 1 355
18 15 767
14 17 2169
2 3 1001
5 7 1500
17 15 217
15 11 742
20 1 374
19 6 1019
12 12 0
1 17 646
3 2 1001
12 11 742
1 14 2169
8 2 1180
19 18 767
10 15 2623
2 16 1019
9 14 2169
2 17 1001
10 20 2623
6 20 1019
9 12 646
9 6 1019
7 4 1500
13 18 767
13 14 2169
8 10 2623
5 4 517
14 13 2169
15 12 217
11 11 0
8 15 1180
6 16 952
8 17 1180
13 12 646
17 12 25
15 7 1500
16 14 2169
8 15 1180
4 5 517
9 19 749
7 15 1500
15 17 217
7 5 1500
18 5 767
14 7 2169
14 15 2169
14 4 2169
18 19 767
20 4 749
18 13 767
20 17 646
7 15 1500
12 12 0
20 3 742
11 1 742
8 13 1180
20 4 749
17 15 217
3 6 1019
8 15 1180
5 2 1001
18 11 767
1 9 355
11 6 1019
3 12 742
9 4 749
4 19 517
14 19 2169
1 11 742
14 3 2169
6 6 0
2 9 1001
17 12 25
2 7 1500
6 9 1019
20 14 2169
10 18 2623
20 6 1019
20 1 374
20 18 767
7 9 1500
2 8 1180
16 13 1019
5 4 517
11 9 742
8 17 1180
12 6 1019
1 18 767
11 16 1019
20 12 646
15 18 767
11 4 749
18 5 767
